2023-04-24 12:01:58.579  INFO 15092 --- [restartedMain] com.ust.rest.FirstbootappApplication     : Starting FirstbootappApplication using Java 16.0.2 on 1af725af0cd5512 with PID 15092 (D:\3. Module 03\mvc\firstbootapp\target\classes started by Administrator in D:\3. Module 03\mvc\firstbootapp)
2023-04-24 12:01:58.580  INFO 15092 --- [restartedMain] com.ust.rest.FirstbootappApplication     : No active profile set, falling back to 1 default profile: "default"
2023-04-24 12:01:58.793  INFO 15092 --- [restartedMain] o.s.b.w.embedded.tomcat.TomcatWebServer  : Tomcat initialized with port(s): 8090 (http)
2023-04-24 12:01:58.795  INFO 15092 --- [restartedMain] o.apache.catalina.core.StandardService   : Starting service [Tomcat]
2023-04-24 12:01:58.797  INFO 15092 --- [restartedMain] org.apache.catalina.core.StandardEngine  : Starting Servlet engine: [Apache Tomcat/9.0.73]
2023-04-24 12:01:58.815  INFO 15092 --- [restartedMain] o.a.c.c.C.[Tomcat].[localhost].[/]       : Initializing Spring embedded WebApplicationContext
2023-04-24 12:01:58.815  INFO 15092 --- [restartedMain] w.s.c.ServletWebServerApplicationContext : Root WebApplicationContext: initialization completed in 232 ms
2023-04-24 12:01:58.894  WARN 15092 --- [restartedMain] o.s.b.d.a.OptionalLiveReloadServer       : Unable to start LiveReload server
2023-04-24 12:01:58.904  INFO 15092 --- [restartedMain] o.s.b.w.embedded.tomcat.TomcatWebServer  : Tomcat started on port(s): 8090 (http) with context path ''
2023-04-24 12:01:58.908  INFO 15092 --- [restartedMain] com.ust.rest.FirstbootappApplication     : Started FirstbootappApplication in 0.381 seconds (JVM running for 817.171)
2023-04-24 12:01:58.909  INFO 15092 --- [restartedMain] .ConditionEvaluationDeltaLoggingListener : Condition evaluation unchanged
2023-04-24 12:01:58.909  INFO 15092 --- [restartedMain] com.ust.rest.FirstbootappApplication     : Application started successfully
2023-04-24 12:01:58.909  WARN 15092 --- [restartedMain] com.ust.rest.FirstbootappApplication     : Application started successfully
2023-04-24 12:01:58.909 ERROR 15092 --- [restartedMain] com.ust.rest.FirstbootappApplication     : Application started successfully
2023-04-24 12:02:13.410  INFO 15092 --- [RMI TCP Connection(18)-127.0.0.1] inMXBeanRegistrar$SpringApplicationAdmin : Application shutdown requested.
2023-04-24 12:02:13.426  INFO 15092 --- [RMI TCP Connection(18)-127.0.0.1] o.apache.catalina.core.StandardService   : Stopping service [Tomcat]
2023-04-24 12:02:33.460  INFO 17340 --- [restartedMain] com.ust.rest.FirstbootappApplication     : Starting FirstbootappApplication using Java 16.0.2 on 1af725af0cd5512 with PID 17340 (D:\3. Module 03\mvc\firstbootapp\target\classes started by Administrator in D:\3. Module 03\mvc\firstbootapp)
2023-04-24 12:02:33.462  INFO 17340 --- [restartedMain] com.ust.rest.FirstbootappApplication     : No active profile set, falling back to 1 default profile: "default"
2023-04-24 12:02:33.537  INFO 17340 --- [restartedMain] .e.DevToolsPropertyDefaultsPostProcessor : Devtools property defaults active! Set 'spring.devtools.add-properties' to 'false' to disable
2023-04-24 12:02:33.537  INFO 17340 --- [restartedMain] .e.DevToolsPropertyDefaultsPostProcessor : For additional web related logging consider setting the 'logging.level.web' property to 'DEBUG'
2023-04-24 12:02:34.806  INFO 17340 --- [restartedMain] o.s.b.w.embedded.tomcat.TomcatWebServer  : Tomcat initialized with port(s): 8090 (http)
2023-04-24 12:02:34.823  INFO 17340 --- [restartedMain] o.apache.catalina.core.StandardService   : Starting service [Tomcat]
2023-04-24 12:02:34.824  INFO 17340 --- [restartedMain] org.apache.catalina.core.StandardEngine  : Starting Servlet engine: [Apache Tomcat/9.0.73]
2023-04-24 12:02:34.917  INFO 17340 --- [restartedMain] o.a.c.c.C.[Tomcat].[localhost].[/]       : Initializing Spring embedded WebApplicationContext
2023-04-24 12:02:34.917  INFO 17340 --- [restartedMain] w.s.c.ServletWebServerApplicationContext : Root WebApplicationContext: initialization completed in 1379 ms
2023-04-24 12:02:35.402  WARN 17340 --- [restartedMain] o.s.b.d.a.OptionalLiveReloadServer       : Unable to start LiveReload server
2023-04-24 12:02:35.460  INFO 17340 --- [restartedMain] o.s.b.w.embedded.tomcat.TomcatWebServer  : Tomcat started on port(s): 8090 (http) with context path ''
2023-04-24 12:02:35.482  INFO 17340 --- [restartedMain] com.ust.rest.FirstbootappApplication     : Started FirstbootappApplication in 2.523 seconds (JVM running for 3.645)
2023-04-24 12:02:35.487  INFO 17340 --- [restartedMain] com.ust.rest.FirstbootappApplication     : Application started successfully
2023-04-24 12:02:35.488  WARN 17340 --- [restartedMain] com.ust.rest.FirstbootappApplication     : Application started successfully
2023-04-24 12:02:35.488 ERROR 17340 --- [restartedMain] com.ust.rest.FirstbootappApplication     : Application started successfully
2023-04-24 12:04:08.118  INFO 17340 --- [File Watcher] rtingClassPathChangeChangedEventListener : Restarting due to 1 class path change (0 additions, 0 deletions, 1 modification)
2023-04-24 12:04:08.134  INFO 17340 --- [Thread-1] o.apache.catalina.core.StandardService   : Stopping service [Tomcat]
2023-04-24 12:04:08.247  INFO 17340 --- [restartedMain] com.ust.rest.FirstbootappApplication     : Starting FirstbootappApplication using Java 16.0.2 on 1af725af0cd5512 with PID 17340 (D:\3. Module 03\mvc\firstbootapp\target\classes started by Administrator in D:\3. Module 03\mvc\firstbootapp)
2023-04-24 12:04:08.248  INFO 17340 --- [restartedMain] com.ust.rest.FirstbootappApplication     : No active profile set, falling back to 1 default profile: "default"
2023-04-24 12:04:08.493  INFO 17340 --- [restartedMain] o.s.b.w.embedded.tomcat.TomcatWebServer  : Tomcat initialized with port(s): 8090 (http)
2023-04-24 12:04:08.494  INFO 17340 --- [restartedMain] o.apache.catalina.core.StandardService   : Starting service [Tomcat]
2023-04-24 12:04:08.494  INFO 17340 --- [restartedMain] org.apache.catalina.core.StandardEngine  : Starting Servlet engine: [Apache Tomcat/9.0.73]
2023-04-24 12:04:08.515  INFO 17340 --- [restartedMain] o.a.c.c.C.[Tomcat].[localhost].[/]       : Initializing Spring embedded WebApplicationContext
2023-04-24 12:04:08.516  INFO 17340 --- [restartedMain] w.s.c.ServletWebServerApplicationContext : Root WebApplicationContext: initialization completed in 262 ms
2023-04-24 12:04:08.621  WARN 17340 --- [restartedMain] o.s.b.d.a.OptionalLiveReloadServer       : Unable to start LiveReload server
2023-04-24 12:04:08.638  INFO 17340 --- [restartedMain] o.s.b.w.embedded.tomcat.TomcatWebServer  : Tomcat started on port(s): 8090 (http) with context path ''
2023-04-24 12:04:08.643  INFO 17340 --- [restartedMain] com.ust.rest.FirstbootappApplication     : Started FirstbootappApplication in 0.448 seconds (JVM running for 96.806)
2023-04-24 12:04:08.645  INFO 17340 --- [restartedMain] .ConditionEvaluationDeltaLoggingListener : Condition evaluation unchanged
2023-04-24 12:04:08.646  INFO 17340 --- [restartedMain] com.ust.rest.FirstbootappApplication     : Application started successfully
2023-04-24 12:04:08.646  WARN 17340 --- [restartedMain] com.ust.rest.FirstbootappApplication     : Application started successfully
2023-04-24 12:04:08.647 ERROR 17340 --- [restartedMain] com.ust.rest.FirstbootappApplication     : Application started successfully
2023-04-24 12:04:45.393  INFO 17340 --- [RMI TCP Connection(4)-127.0.0.1] inMXBeanRegistrar$SpringApplicationAdmin : Application shutdown requested.
2023-04-24 12:04:45.403  INFO 17340 --- [RMI TCP Connection(4)-127.0.0.1] o.apache.catalina.core.StandardService   : Stopping service [Tomcat]
2023-04-24 12:05:01.180  INFO 14020 --- [restartedMain] com.ust.rest.FirstbootappApplication     : Starting FirstbootappApplication using Java 16.0.2 on 1af725af0cd5512 with PID 14020 (D:\3. Module 03\mvc\firstbootapp\target\classes started by Administrator in D:\3. Module 03\mvc\firstbootapp)
2023-04-24 12:05:01.182  INFO 14020 --- [restartedMain] com.ust.rest.FirstbootappApplication     : No active profile set, falling back to 1 default profile: "default"
2023-04-24 12:05:01.264  INFO 14020 --- [restartedMain] .e.DevToolsPropertyDefaultsPostProcessor : Devtools property defaults active! Set 'spring.devtools.add-properties' to 'false' to disable
2023-04-24 12:05:01.265  INFO 14020 --- [restartedMain] .e.DevToolsPropertyDefaultsPostProcessor : For additional web related logging consider setting the 'logging.level.web' property to 'DEBUG'
2023-04-24 12:05:02.557  INFO 14020 --- [restartedMain] o.s.b.w.embedded.tomcat.TomcatWebServer  : Tomcat initialized with port(s): 8090 (http)
2023-04-24 12:05:02.577  INFO 14020 --- [restartedMain] o.apache.catalina.core.StandardService   : Starting service [Tomcat]
2023-04-24 12:05:02.578  INFO 14020 --- [restartedMain] org.apache.catalina.core.StandardEngine  : Starting Servlet engine: [Apache Tomcat/9.0.73]
2023-04-24 12:05:02.688  INFO 14020 --- [restartedMain] o.a.c.c.C.[Tomcat].[localhost].[/]       : Initializing Spring embedded WebApplicationContext
2023-04-24 12:05:02.689  INFO 14020 --- [restartedMain] w.s.c.ServletWebServerApplicationContext : Root WebApplicationContext: initialization completed in 1423 ms
2023-04-24 12:05:03.205  WARN 14020 --- [restartedMain] o.s.b.d.a.OptionalLiveReloadServer       : Unable to start LiveReload server
2023-04-24 12:05:03.267  INFO 14020 --- [restartedMain] o.s.b.w.embedded.tomcat.TomcatWebServer  : Tomcat started on port(s): 8090 (http) with context path ''
2023-04-24 12:05:03.288  INFO 14020 --- [restartedMain] com.ust.rest.FirstbootappApplication     : Started FirstbootappApplication in 2.646 seconds (JVM running for 3.739)
2023-04-24 12:05:03.292  INFO 14020 --- [restartedMain] com.ust.rest.FirstbootappApplication     : Application started successfully
2023-04-24 12:05:03.292  WARN 14020 --- [restartedMain] com.ust.rest.FirstbootappApplication     : Application started successfully
2023-04-24 12:05:03.292 ERROR 14020 --- [restartedMain] com.ust.rest.FirstbootappApplication     : Application started successfully
2023-04-24 12:05:51.299  INFO 14020 --- [File Watcher] rtingClassPathChangeChangedEventListener : Restarting due to 1 class path change (0 additions, 0 deletions, 1 modification)
2023-04-24 12:05:51.320  INFO 14020 --- [Thread-1] o.apache.catalina.core.StandardService   : Stopping service [Tomcat]
2023-04-24 12:05:51.432  INFO 14020 --- [restartedMain] com.ust.rest.FirstbootappApplication     : Starting FirstbootappApplication using Java 16.0.2 on 1af725af0cd5512 with PID 14020 (D:\3. Module 03\mvc\firstbootapp\target\classes started by Administrator in D:\3. Module 03\mvc\firstbootapp)
2023-04-24 12:05:51.433  INFO 14020 --- [restartedMain] com.ust.rest.FirstbootappApplication     : No active profile set, falling back to 1 default profile: "default"
2023-04-24 12:05:51.732  INFO 14020 --- [restartedMain] o.s.b.w.embedded.tomcat.TomcatWebServer  : Tomcat initialized with port(s): 8090 (http)
2023-04-24 12:05:51.733  INFO 14020 --- [restartedMain] o.apache.catalina.core.StandardService   : Starting service [Tomcat]
2023-04-24 12:05:51.733  INFO 14020 --- [restartedMain] org.apache.catalina.core.StandardEngine  : Starting Servlet engine: [Apache Tomcat/9.0.73]
2023-04-24 12:05:51.755  INFO 14020 --- [restartedMain] o.a.c.c.C.[Tomcat].[localhost].[/]       : Initializing Spring embedded WebApplicationContext
2023-04-24 12:05:51.756  INFO 14020 --- [restartedMain] w.s.c.ServletWebServerApplicationContext : Root WebApplicationContext: initialization completed in 320 ms
2023-04-24 12:05:51.865  WARN 14020 --- [restartedMain] o.s.b.d.a.OptionalLiveReloadServer       : Unable to start LiveReload server
2023-04-24 12:05:51.877  INFO 14020 --- [restartedMain] o.s.b.w.embedded.tomcat.TomcatWebServer  : Tomcat started on port(s): 8090 (http) with context path ''
2023-04-24 12:05:51.882  INFO 14020 --- [restartedMain] com.ust.rest.FirstbootappApplication     : Started FirstbootappApplication in 0.495 seconds (JVM running for 52.333)
2023-04-24 12:05:51.884  INFO 14020 --- [restartedMain] .ConditionEvaluationDeltaLoggingListener : Condition evaluation unchanged
2023-04-24 12:05:51.885  INFO 14020 --- [restartedMain] com.ust.rest.FirstbootappApplication     : Application started successfully
2023-04-24 12:05:51.885  WARN 14020 --- [restartedMain] com.ust.rest.FirstbootappApplication     : Application started successfully
2023-04-24 12:05:51.885 ERROR 14020 --- [restartedMain] com.ust.rest.FirstbootappApplication     : Application started successfully
2023-04-24 12:05:57.212  INFO 14020 --- [RMI TCP Connection(4)-127.0.0.1] inMXBeanRegistrar$SpringApplicationAdmin : Application shutdown requested.
2023-04-24 12:05:57.222  INFO 14020 --- [RMI TCP Connection(4)-127.0.0.1] o.apache.catalina.core.StandardService   : Stopping service [Tomcat]
2023-04-24 12:06:20.276  INFO 16448 --- [restartedMain] com.ust.rest.FirstbootappApplication     : Starting FirstbootappApplication using Java 16.0.2 on 1af725af0cd5512 with PID 16448 (D:\3. Module 03\mvc\firstbootapp\target\classes started by Administrator in D:\3. Module 03\mvc\firstbootapp)
2023-04-24 12:06:20.278  INFO 16448 --- [restartedMain] com.ust.rest.FirstbootappApplication     : No active profile set, falling back to 1 default profile: "default"
2023-04-24 12:06:20.376  INFO 16448 --- [restartedMain] .e.DevToolsPropertyDefaultsPostProcessor : Devtools property defaults active! Set 'spring.devtools.add-properties' to 'false' to disable
2023-04-24 12:06:20.376  INFO 16448 --- [restartedMain] .e.DevToolsPropertyDefaultsPostProcessor : For additional web related logging consider setting the 'logging.level.web' property to 'DEBUG'
2023-04-24 12:06:21.667  INFO 16448 --- [restartedMain] o.s.b.w.embedded.tomcat.TomcatWebServer  : Tomcat initialized with port(s): 8090 (http)
2023-04-24 12:06:21.686  INFO 16448 --- [restartedMain] o.apache.catalina.core.StandardService   : Starting service [Tomcat]
2023-04-24 12:06:21.686  INFO 16448 --- [restartedMain] org.apache.catalina.core.StandardEngine  : Starting Servlet engine: [Apache Tomcat/9.0.73]
2023-04-24 12:06:21.768  INFO 16448 --- [restartedMain] o.a.c.c.C.[Tomcat].[localhost].[/]       : Initializing Spring embedded WebApplicationContext
2023-04-24 12:06:21.769  INFO 16448 --- [restartedMain] w.s.c.ServletWebServerApplicationContext : Root WebApplicationContext: initialization completed in 1392 ms
2023-04-24 12:06:22.246  WARN 16448 --- [restartedMain] o.s.b.d.a.OptionalLiveReloadServer       : Unable to start LiveReload server
2023-04-24 12:06:22.291  INFO 16448 --- [restartedMain] o.s.b.w.embedded.tomcat.TomcatWebServer  : Tomcat started on port(s): 8090 (http) with context path ''
2023-04-24 12:06:22.307  INFO 16448 --- [restartedMain] com.ust.rest.FirstbootappApplication     : Started FirstbootappApplication in 2.554 seconds (JVM running for 3.703)
2023-04-24 12:06:22.311  INFO 16448 --- [restartedMain] com.ust.rest.FirstbootappApplication     : Application started successfully
2023-04-24 12:06:22.311  WARN 16448 --- [restartedMain] com.ust.rest.FirstbootappApplication     : Application started successfully
2023-04-24 12:06:22.312 ERROR 16448 --- [restartedMain] com.ust.rest.FirstbootappApplication     : Application started successfully
2023-04-24 12:08:13.160  INFO 16448 --- [File Watcher] rtingClassPathChangeChangedEventListener : Restarting due to 1 class path change (0 additions, 0 deletions, 1 modification)
2023-04-24 12:08:13.177  INFO 16448 --- [Thread-1] o.apache.catalina.core.StandardService   : Stopping service [Tomcat]
2023-04-24 12:11:42.910  INFO 14168 --- [restartedMain] com.ust.rest.FirstbootappApplication     : Starting FirstbootappApplication using Java 16.0.2 on 1af725af0cd5512 with PID 14168 (D:\3. Module 03\mvc\firstbootapp\target\classes started by Administrator in D:\3. Module 03\mvc\firstbootapp)
2023-04-24 12:11:42.912  INFO 14168 --- [restartedMain] com.ust.rest.FirstbootappApplication     : No active profile set, falling back to 1 default profile: "default"
2023-04-24 12:11:43.003  INFO 14168 --- [restartedMain] .e.DevToolsPropertyDefaultsPostProcessor : Devtools property defaults active! Set 'spring.devtools.add-properties' to 'false' to disable
2023-04-24 12:11:43.004  INFO 14168 --- [restartedMain] .e.DevToolsPropertyDefaultsPostProcessor : For additional web related logging consider setting the 'logging.level.web' property to 'DEBUG'
2023-04-24 12:11:44.286  INFO 14168 --- [restartedMain] o.s.b.w.embedded.tomcat.TomcatWebServer  : Tomcat initialized with port(s): 8090 (http)
2023-04-24 12:11:44.303  INFO 14168 --- [restartedMain] o.apache.catalina.core.StandardService   : Starting service [Tomcat]
2023-04-24 12:11:44.304  INFO 14168 --- [restartedMain] org.apache.catalina.core.StandardEngine  : Starting Servlet engine: [Apache Tomcat/9.0.73]
2023-04-24 12:11:44.389  INFO 14168 --- [restartedMain] o.a.c.c.C.[Tomcat].[localhost].[/]       : Initializing Spring embedded WebApplicationContext
2023-04-24 12:11:44.390  INFO 14168 --- [restartedMain] w.s.c.ServletWebServerApplicationContext : Root WebApplicationContext: initialization completed in 1386 ms
2023-04-24 12:11:44.639 DEBUG 14168 --- [restartedMain] s.w.s.m.m.a.RequestMappingHandlerAdapter : ControllerAdvice beans: 0 @ModelAttribute, 0 @InitBinder, 1 RequestBodyAdvice, 1 ResponseBodyAdvice
2023-04-24 12:11:44.766 DEBUG 14168 --- [restartedMain] s.w.s.m.m.a.RequestMappingHandlerMapping : 10 mappings in 'requestMappingHandlerMapping'
2023-04-24 12:11:44.788 DEBUG 14168 --- [restartedMain] o.s.w.s.handler.SimpleUrlHandlerMapping  : Patterns [/webjars/**, /**] in 'resourceHandlerMapping'
2023-04-24 12:11:44.798 DEBUG 14168 --- [restartedMain] .m.m.a.ExceptionHandlerExceptionResolver : ControllerAdvice beans: 0 @ExceptionHandler, 1 ResponseBodyAdvice
2023-04-24 12:11:44.886  WARN 14168 --- [restartedMain] o.s.b.d.a.OptionalLiveReloadServer       : Unable to start LiveReload server
2023-04-24 12:11:44.945  INFO 14168 --- [restartedMain] o.s.b.w.embedded.tomcat.TomcatWebServer  : Tomcat started on port(s): 8090 (http) with context path ''
2023-04-24 12:11:44.970  INFO 14168 --- [restartedMain] com.ust.rest.FirstbootappApplication     : Started FirstbootappApplication in 2.634 seconds (JVM running for 3.775)
2023-04-24 12:11:44.976  INFO 14168 --- [restartedMain] com.ust.rest.FirstbootappApplication     : Application started successfully
2023-04-24 12:11:44.976  WARN 14168 --- [restartedMain] com.ust.rest.FirstbootappApplication     : Application started successfully
2023-04-24 12:11:44.977 ERROR 14168 --- [restartedMain] com.ust.rest.FirstbootappApplication     : Application started successfully
2023-04-24 12:12:33.504  INFO 14168 --- [File Watcher] rtingClassPathChangeChangedEventListener : Restarting due to 1 class path change (0 additions, 0 deletions, 1 modification)
2023-04-24 12:12:33.521  INFO 14168 --- [Thread-1] o.apache.catalina.core.StandardService   : Stopping service [Tomcat]
